Arguments: 
  C:\Program Files\nodejs\node.exe C:\Users\user\AppData\Roaming\npm\node_modules\yarn\bin\yarn.js add inquireer

PATH: 
  C:\WINDOWS\system32;C:\WINDOWS;C:\WINDOWS\System32\Wbem;C:\WINDOWS\System32\WindowsPowerShell\v1.0\;C:\WINDOWS\System32\OpenSSH\;C:\Program Files\nodejs\;C:\Program Files\Git\cmd;C:\Users\user\AppData\Local\Microsoft\WindowsApps;C:\Users\user\AppData\Roaming\npm;C:\Users\user\AppData\Local\Programs\Microsoft VS Code\bin;C:\Program Files (x86)\Nmap

Yarn version: 
  1.22.17

Node version: 
  16.13.1

Platform: 
  win32 x64

Trace: 
  Error: https://registry.yarnpkg.com/inquireer: Not found
      at Request.params.callback [as _callback] (C:\Users\user\AppData\Roaming\npm\node_modules\yarn\lib\cli.js:67029:18)
      at Request.self.callback (C:\Users\user\AppData\Roaming\npm\node_modules\yarn\lib\cli.js:140883:22)
      at Request.emit (node:events:390:28)
      at Request.<anonymous> (C:\Users\user\AppData\Roaming\npm\node_modules\yarn\lib\cli.js:141855:10)
      at Request.emit (node:events:390:28)
      at IncomingMessage.<anonymous> (C:\Users\user\AppData\Roaming\npm\node_modules\yarn\lib\cli.js:141777:12)
      at Object.onceWrapper (node:events:509:28)
      at IncomingMessage.emit (node:events:402:35)
      at endReadableNT (node:internal/streams/readable:1343:12)
      at processTicksAndRejections (node:internal/process/task_queues:83:21)

npm manifest: 
  {
    "name": "@thecli/create-project",
    "version": "1.0.0",
    "description": "A node cli to automate repetetive activities",
    "main": "src/index.js",
    "scripts": {
      "test": "test"
    },
    "bin": {
      "@thecli/create-project": "bin/create-project",
      "create-project": "bin/create-project"
    },
    "publishConfig": {
      "access": "public"
    },
    "repository": {
      "type": "git",
      "url": "git+https://github.com/PatrickNiyogitare28/the-cli.git"
    },
    "keywords": [
      "cli",
      "nodejs",
      "the-cli",
      "create-project"
    ],
    "author": "patrickniyogitare28@gmail.com",
    "license": "MIT",
    "bugs": {
      "url": "https://github.com/PatrickNiyogitare28/the-cli/issues"
    },
    "homepage": "https://github.com/PatrickNiyogitare28/the-cli#readme",
    "dependencies": {
      "esm": "^3.2.25"
    }
  }

yarn manifest: 
  No manifest

Lockfile: 
  # THIS IS AN AUTOGENERATED FILE. DO NOT EDIT THIS FILE DIRECTLY.
  # yarn lockfile v1
  
  
  "esm@^3.2.25":
    "integrity" "sha512-U1suiZ2oDVWv4zPO56S0NcR5QriEahGtdN2OR6FiOG4WJvcjBVFB0qI4+eKoWFH483PKGuLuu6V8Z4T5g63UVA=="
    "resolved" "https://registry.npmjs.org/esm/-/esm-3.2.25.tgz"
    "version" "3.2.25"
